<?xml version="1.0" encoding="UTF-8" standalone="yes"?><!DOCTYPE report PUBLIC "-//JACOCO//DTD Report 1.1//EN" "report.dtd"><report name="io.memoria.reactive.eventsourcing"><sessioninfo id="castle-e7e8296c" start="1687478273697" dump="1687478275757"/><package name="io/memoria/reactive/eventsourcing/stream"><class name="io/memoria/reactive/eventsourcing/stream/EventStreamImpl" sourcefilename="EventStreamImpl.java"><method name="&lt;init&gt;" desc="(Lio/memoria/reactive/core/stream/ESMsgStream;Lio/memoria/atom/core/text/TextTransformer;Ljava/lang/Class;)V" line="16"><counter type="INSTRUCTION" missed="0" covered="12"/><counter type="LINE" missed="0" covered="5"/><counter type="COMPLEXITY" missed="0" covered="1"/><counter type="METHOD" missed="0" covered="1"/></method><method name="pub" desc="(Ljava/lang/String;ILio/memoria/reactive/eventsourcing/Event;)Lreactor/core/publisher/Mono;" line="23"><counter type="INSTRUCTION" missed="0" covered="14"/><counter type="LINE" missed="0" covered="3"/><counter type="COMPLEXITY" missed="0" covered="1"/><counter type="METHOD" missed="0" covered="1"/></method><method name="sub" desc="(Ljava/lang/String;I)Lreactor/core/publisher/Flux;" line="29"><counter type="INSTRUCTION" missed="0" covered="9"/><counter type="LINE" missed="0" covered="2"/><counter type="COMPLEXITY" missed="0" covered="1"/><counter type="METHOD" missed="0" covered="1"/></method><method name="pubMsg" desc="(Ljava/lang/String;ILio/memoria/reactive/eventsourcing/Event;Ljava/lang/String;)Lreactor/core/publisher/Mono;" line="35"><counter type="INSTRUCTION" missed="0" covered="13"/><counter type="LINE" missed="0" covered="1"/><counter type="COMPLEXITY" missed="0" covered="1"/><counter type="METHOD" missed="0" covered="1"/></method><method name="lambda$sub$4" desc="(Lio/memoria/reactive/core/stream/ESMsg;)Lorg/reactivestreams/Publisher;" line="30"><counter type="INSTRUCTION" missed="0" covered="5"/><counter type="LINE" missed="0" covered="1"/><counter type="COMPLEXITY" missed="0" covered="1"/><counter type="METHOD" missed="0" covered="1"/></method><method name="lambda$sub$3" desc="(Lio/memoria/reactive/core/stream/ESMsg;)Lio/vavr/control/Try;" line="30"><counter type="INSTRUCTION" missed="0" covered="8"/><counter type="LINE" missed="0" covered="1"/><counter type="COMPLEXITY" missed="0" covered="1"/><counter type="METHOD" missed="0" covered="1"/></method><method name="lambda$pub$2" desc="(Lio/memoria/reactive/eventsourcing/Event;Lio/memoria/reactive/core/stream/ESMsg;)Lio/memoria/reactive/eventsourcing/Event;" line="25"><counter type="INSTRUCTION" missed="0" covered="2"/><counter type="LINE" missed="0" covered="1"/><counter type="COMPLEXITY" missed="0" covered="1"/><counter type="METHOD" missed="0" covered="1"/></method><method name="lambda$pub$1" desc="(Ljava/lang/String;ILio/memoria/reactive/eventsourcing/Event;Ljava/lang/String;)Lreactor/core/publisher/Mono;" line="24"><counter type="INSTRUCTION" missed="0" covered="7"/><counter type="LINE" missed="0" covered="1"/><counter type="COMPLEXITY" missed="0" covered="1"/><counter type="METHOD" missed="0" covered="1"/></method><method name="lambda$pub$0" desc="(Lio/memoria/reactive/eventsourcing/Event;)Lio/vavr/control/Try;" line="23"><counter type="INSTRUCTION" missed="0" covered="5"/><counter type="LINE" missed="0" covered="1"/><counter type="COMPLEXITY" missed="0" covered="1"/><counter type="METHOD" missed="0" covered="1"/></method><counter type="INSTRUCTION" missed="0" covered="75"/><counter type="LINE" missed="0" covered="11"/><counter type="COMPLEXITY" missed="0" covered="9"/><counter type="METHOD" missed="0" covered="9"/><counter type="CLASS" missed="0" covered="1"/></class><class name="io/memoria/reactive/eventsourcing/stream/CommandStreamImpl" sourcefilename="CommandStreamImpl.java"><method name="&lt;init&gt;" desc="(Lio/memoria/reactive/core/stream/ESMsgStream;Lio/memoria/atom/core/text/TextTransformer;Ljava/lang/Class;)V" line="16"><counter type="INSTRUCTION" missed="0" covered="12"/><counter type="LINE" missed="0" covered="5"/><counter type="COMPLEXITY" missed="0" covered="1"/><counter type="METHOD" missed="0" covered="1"/></method><method name="pub" desc="(Ljava/lang/String;ILio/memoria/reactive/eventsourcing/Command;)Lreactor/core/publisher/Mono;" line="23"><counter type="INSTRUCTION" missed="0" covered="14"/><counter type="LINE" missed="0" covered="3"/><counter type="COMPLEXITY" missed="0" covered="1"/><counter type="METHOD" missed="0" covered="1"/></method><method name="sub" desc="(Ljava/lang/String;I)Lreactor/core/publisher/Flux;" line="29"><counter type="INSTRUCTION" missed="0" covered="9"/><counter type="LINE" missed="0" covered="2"/><counter type="COMPLEXITY" missed="0" covered="1"/><counter type="METHOD" missed="0" covered="1"/></method><method name="pubMsg" desc="(Ljava/lang/String;ILio/memoria/reactive/eventsourcing/Command;Ljava/lang/String;)Lreactor/core/publisher/Mono;" line="35"><counter type="INSTRUCTION" missed="0" covered="13"/><counter type="LINE" missed="0" covered="1"/><counter type="COMPLEXITY" missed="0" covered="1"/><counter type="METHOD" missed="0" covered="1"/></method><method name="lambda$sub$4" desc="(Lio/memoria/reactive/core/stream/ESMsg;)Lorg/reactivestreams/Publisher;" line="30"><counter type="INSTRUCTION" missed="0" covered="5"/><counter type="LINE" missed="0" covered="1"/><counter type="COMPLEXITY" missed="0" covered="1"/><counter type="METHOD" missed="0" covered="1"/></method><method name="lambda$sub$3" desc="(Lio/memoria/reactive/core/stream/ESMsg;)Lio/vavr/control/Try;" line="30"><counter type="INSTRUCTION" missed="0" covered="8"/><counter type="LINE" missed="0" covered="1"/><counter type="COMPLEXITY" missed="0" covered="1"/><counter type="METHOD" missed="0" covered="1"/></method><method name="lambda$pub$2" desc="(Lio/memoria/reactive/eventsourcing/Command;Lio/memoria/reactive/core/stream/ESMsg;)Lio/memoria/reactive/eventsourcing/Command;" line="25"><counter type="INSTRUCTION" missed="0" covered="2"/><counter type="LINE" missed="0" covered="1"/><counter type="COMPLEXITY" missed="0" covered="1"/><counter type="METHOD" missed="0" covered="1"/></method><method name="lambda$pub$1" desc="(Ljava/lang/String;ILio/memoria/reactive/eventsourcing/Command;Ljava/lang/String;)Lreactor/core/publisher/Mono;" line="24"><counter type="INSTRUCTION" missed="0" covered="7"/><counter type="LINE" missed="0" covered="1"/><counter type="COMPLEXITY" missed="0" covered="1"/><counter type="METHOD" missed="0" covered="1"/></method><method name="lambda$pub$0" desc="(Lio/memoria/reactive/eventsourcing/Command;)Lio/vavr/control/Try;" line="23"><counter type="INSTRUCTION" missed="0" covered="5"/><counter type="LINE" missed="0" covered="1"/><counter type="COMPLEXITY" missed="0" covered="1"/><counter type="METHOD" missed="0" covered="1"/></method><counter type="INSTRUCTION" missed="0" covered="75"/><counter type="LINE" missed="0" covered="11"/><counter type="COMPLEXITY" missed="0" covered="9"/><counter type="METHOD" missed="0" covered="9"/><counter type="CLASS" missed="0" covered="1"/></class><class name="io/memoria/reactive/eventsourcing/stream/EventStream" sourcefilename="EventStream.java"><method name="subUntil" desc="(Ljava/lang/String;ILio/memoria/atom/core/id/Id;)Lreactor/core/publisher/Flux;" line="22"><counter type="INSTRUCTION" missed="8" covered="0"/><counter type="LINE" missed="1" covered="0"/><counter type="COMPLEXITY" missed="1" covered="0"/><counter type="METHOD" missed="1" covered="0"/></method><method name="create" desc="(Lio/memoria/reactive/core/stream/ESMsgStream;Lio/memoria/atom/core/text/TextTransformer;Ljava/lang/Class;)Lio/memoria/reactive/eventsourcing/stream/EventStream;" line="28"><counter type="INSTRUCTION" missed="0" covered="7"/><counter type="LINE" missed="0" covered="1"/><counter type="COMPLEXITY" missed="0" covered="1"/><counter type="METHOD" missed="0" covered="1"/></method><method name="lambda$subUntil$0" desc="(Lio/memoria/atom/core/id/Id;Lio/memoria/reactive/eventsourcing/Event;)Z" line="22"><counter type="INSTRUCTION" missed="5" covered="0"/><counter type="LINE" missed="1" covered="0"/><counter type="COMPLEXITY" missed="1" covered="0"/><counter type="METHOD" missed="1" covered="0"/></method><counter type="INSTRUCTION" missed="13" covered="7"/><counter type="LINE" missed="1" covered="1"/><counter type="COMPLEXITY" missed="2" covered="1"/><counter type="METHOD" missed="2" covered="1"/><counter type="CLASS" missed="0" covered="1"/></class><class name="io/memoria/reactive/eventsourcing/stream/CommandStream" sourcefilename="CommandStream.java"><method name="create" desc="(Lio/memoria/reactive/core/stream/ESMsgStream;Lio/memoria/atom/core/text/TextTransformer;Ljava/lang/Class;)Lio/memoria/reactive/eventsourcing/stream/CommandStream;" line="17"><counter type="INSTRUCTION" missed="0" covered="7"/><counter type="LINE" missed="0" covered="1"/><counter type="COMPLEXITY" missed="0" covered="1"/><counter type="METHOD" missed="0" covered="1"/></method><counter type="INSTRUCTION" missed="0" covered="7"/><counter type="LINE" missed="0" covered="1"/><counter type="COMPLEXITY" missed="0" covered="1"/><counter type="METHOD" missed="0" covered="1"/><counter type="CLASS" missed="0" covered="1"/></class><sourcefile name="CommandStream.java"><line nr="17" mi="0" ci="7" mb="0" cb="0"/><counter type="INSTRUCTION" missed="0" covered="7"/><counter type="LINE" missed="0" covered="1"/><counter type="COMPLEXITY" missed="0" covered="1"/><counter type="METHOD" missed="0" covered="1"/><counter type="CLASS" missed="0" covered="1"/></sourcefile><sourcefile name="EventStreamImpl.java"><line nr="16" mi="0" ci="2" mb="0" cb="0"/><line nr="17" mi="0" ci="3" mb="0" cb="0"/><line nr="18" mi="0" ci="3" mb="0" cb="0"/><line nr="19" mi="0" ci="3" mb="0" cb="0"/><line nr="20" mi="0" ci="1" mb="0" cb="0"/><line nr="23" mi="0" ci="15" mb="0" cb="0"/><line nr="24" mi="0" ci="10" mb="0" cb="0"/><line nr="25" mi="0" ci="3" mb="0" cb="0"/><line nr="29" mi="0" ci="8" mb="0" cb="0"/><line nr="30" mi="0" ci="14" mb="0" cb="0"/><line nr="35" mi="0" ci="13" mb="0" cb="0"/><counter type="INSTRUCTION" missed="0" covered="75"/><counter type="LINE" missed="0" covered="11"/><counter type="COMPLEXITY" missed="0" covered="9"/><counter type="METHOD" missed="0" covered="9"/><counter type="CLASS" missed="0" covered="1"/></sourcefile><sourcefile name="EventStream.java"><line nr="22" mi="13" ci="0" mb="0" cb="0"/><line nr="28" mi="0" ci="7" mb="0" cb="0"/><counter type="INSTRUCTION" missed="13" covered="7"/><counter type="LINE" missed="1" covered="1"/><counter type="COMPLEXITY" missed="2" covered="1"/><counter type="METHOD" missed="2" covered="1"/><counter type="CLASS" missed="0" covered="1"/></sourcefile><sourcefile name="CommandStreamImpl.java"><line nr="16" mi="0" ci="2" mb="0" cb="0"/><line nr="17" mi="0" ci="3" mb="0" cb="0"/><line nr="18" mi="0" ci="3" mb="0" cb="0"/><line nr="19" mi="0" ci="3" mb="0" cb="0"/><line nr="20" mi="0" ci="1" mb="0" cb="0"/><line nr="23" mi="0" ci="15" mb="0" cb="0"/><line nr="24" mi="0" ci="10" mb="0" cb="0"/><line nr="25" mi="0" ci="3" mb="0" cb="0"/><line nr="29" mi="0" ci="8" mb="0" cb="0"/><line nr="30" mi="0" ci="14" mb="0" cb="0"/><line nr="35" mi="0" ci="13" mb="0" cb="0"/><counter type="INSTRUCTION" missed="0" covered="75"/><counter type="LINE" missed="0" covered="11"/><counter type="COMPLEXITY" missed="0" covered="9"/><counter type="METHOD" missed="0" covered="9"/><counter type="CLASS" missed="0" covered="1"/></sourcefile><counter type="INSTRUCTION" missed="13" covered="164"/><counter type="LINE" missed="1" covered="24"/><counter type="COMPLEXITY" missed="2" covered="20"/><counter type="METHOD" missed="2" covered="20"/><counter type="CLASS" missed="0" covered="4"/></package><package name="io/memoria/reactive/eventsourcing/pipeline"><class name="io/memoria/reactive/eventsourcing/pipeline/CommandPipeline" sourcefilename="CommandPipeline.java"><method name="&lt;init&gt;" desc="(Lio/memoria/reactive/eventsourcing/Domain;Lio/memoria/reactive/eventsourcing/pipeline/PipelineRoute;Lio/memoria/reactive/core/stream/ESMsgStream;Lio/memoria/reactive/core/repo/KVStore;Lio/memoria/atom/core/text/TextTransformer;)V" line="38"><counter type="INSTRUCTION" missed="0" covered="10"/><counter type="LINE" missed="0" covered="2"/><counter type="COMPLEXITY" missed="0" covered="1"/><counter type="METHOD" missed="0" covered="1"/></method><method name="&lt;init&gt;" desc="(Lio/memoria/reactive/eventsourcing/Domain;Lio/memoria/reactive/eventsourcing/pipeline/PipelineRoute;Lio/memoria/reactive/core/stream/ESMsgStream;Lio/memoria/reactive/core/repo/KVStore;Ljava/lang/String;Lio/memoria/atom/core/text/TextTransformer;)V" line="46"><counter type="INSTRUCTION" missed="0" covered="49"/><counter type="LINE" missed="0" covered="11"/><counter type="COMPLEXITY" missed="0" covered="1"/><counter type="METHOD" missed="0" covered="1"/></method><method name="handle" desc="()Lreactor/core/publisher/Flux;" line="64"><counter type="INSTRUCTION" missed="0" covered="12"/><counter type="LINE" missed="0" covered="1"/><counter type="COMPLEXITY" missed="0" covered="1"/><counter type="METHOD" missed="0" covered="1"/></method><method name="handle" desc="(Lreactor/core/publisher/Flux;)Lreactor/core/publisher/Flux;" line="68"><counter type="INSTRUCTION" missed="0" covered="38"/><counter type="LINE" missed="0" covered="13"/><counter type="COMPLEXITY" missed="0" covered="1"/><counter type="METHOD" missed="0" covered="1"/></method><method name="init" desc="()Lreactor/core/publisher/Flux;" line="87"><counter type="INSTRUCTION" missed="0" covered="14"/><counter type="LINE" missed="0" covered="4"/><counter type="COMPLEXITY" missed="0" covered="1"/><counter type="METHOD" missed="0" covered="1"/></method><method name="subToEvents" desc="()Lreactor/core/publisher/Flux;" line="94"><counter type="INSTRUCTION" missed="0" covered="10"/><counter type="LINE" missed="0" covered="1"/><counter type="COMPLEXITY" missed="0" covered="1"/><counter type="METHOD" missed="0" covered="1"/></method><method name="subToCommands" desc="()Lreactor/core/publisher/Flux;" line="98"><counter type="INSTRUCTION" missed="10" covered="0"/><counter type="LINE" missed="1" covered="0"/><counter type="COMPLEXITY" missed="1" covered="0"/><counter type="METHOD" missed="1" covered="0"/></method><method name="pubCommand" desc="(Lio/memoria/reactive/eventsourcing/Command;)Lreactor/core/publisher/Mono;" line="102"><counter type="INSTRUCTION" missed="0" covered="9"/><counter type="LINE" missed="0" covered="2"/><counter type="COMPLEXITY" missed="0" covered="1"/><counter type="METHOD" missed="0" covered="1"/></method><method name="pubEvent" desc="(Lio/memoria/reactive/eventsourcing/Event;)Lreactor/core/publisher/Mono;" line="107"><counter type="INSTRUCTION" missed="0" covered="11"/><counter type="LINE" missed="0" covered="1"/><counter type="COMPLEXITY" missed="0" covered="1"/><counter type="METHOD" missed="0" covered="1"/></method><method name="redirectIfNotBelong" desc="(Lio/memoria/reactive/eventsourcing/Command;)Lreactor/core/publisher/Mono;" line="111"><counter type="INSTRUCTION" missed="0" covered="7"/><counter type="LINE" missed="0" covered="2"/><counter type="COMPLEXITY" missed="0" covered="1"/><counter type="METHOD" missed="0" covered="1"/></method><method name="storeLastEventId" desc="(Lio/memoria/reactive/eventsourcing/Event;)Lreactor/core/publisher/Mono;" line="121"><counter type="INSTRUCTION" missed="0" covered="12"/><counter type="LINE" missed="0" covered="1"/><counter type="COMPLEXITY" missed="0" covered="1"/><counter type="METHOD" missed="0" covered="1"/></method><method name="handle" desc="(Lio/memoria/reactive/eventsourcing/Command;)Lio/vavr/control/Option;" line="125"><counter type="INSTRUCTION" missed="0" covered="35"/><counter type="BRANCH" missed="0" covered="4"/><counter type="LINE" missed="0" covered="5"/><counter type="COMPLEXITY" missed="0" covered="3"/><counter type="METHOD" missed="0" covered="1"/></method><method name="saga" desc="(Lio/memoria/reactive/eventsourcing/Event;)Lreactor/core/publisher/Mono;" line="136"><counter type="INSTRUCTION" missed="0" covered="7"/><counter type="LINE" missed="0" covered="2"/><counter type="COMPLEXITY" missed="0" covered="1"/><counter type="METHOD" missed="0" covered="1"/></method><method name="evolve" desc="(Lio/memoria/reactive/eventsourcing/Event;)Lio/memoria/reactive/eventsourcing/Event;" line="149"><counter type="INSTRUCTION" missed="0" covered="47"/><counter type="BRANCH" missed="0" covered="2"/><counter type="LINE" missed="0" covered="7"/><counter type="COMPLEXITY" missed="0" covered="2"/><counter type="METHOD" missed="0" covered="1"/></method><method name="lambda$saga$10" desc="(Lio/memoria/reactive/eventsourcing/Event;)Lreactor/core/publisher/Mono;" line="137"><counter type="INSTRUCTION" missed="0" covered="32"/><counter type="BRANCH" missed="1" covered="3"/><counter type="LINE" missed="0" covered="5"/><counter type="COMPLEXITY" missed="1" covered="2"/><counter type="METHOD" missed="0" covered="1"/></method><method name="lambda$saga$9" desc="(Lio/memoria/reactive/eventsourcing/Event;Lio/memoria/reactive/eventsourcing/Command;)Lio/memoria/reactive/eventsourcing/Event;" line="140"><counter type="INSTRUCTION" missed="0" covered="2"/><counter type="LINE" missed="0" covered="1"/><counter type="COMPLEXITY" missed="0" covered="1"/><counter type="METHOD" missed="0" covered="1"/></method><method name="lambda$storeLastEventId$8" desc="(Lio/memoria/reactive/eventsourcing/Event;Ljava/lang/String;)Lio/memoria/reactive/eventsourcing/Event;" line="121"><counter type="INSTRUCTION" missed="0" covered="2"/><counter type="LINE" missed="0" covered="1"/><counter type="COMPLEXITY" missed="0" covered="1"/><counter type="METHOD" missed="0" covered="1"/></method><method name="lambda$redirectIfNotBelong$7" desc="(Lio/memoria/reactive/eventsourcing/Command;)Lreactor/core/publisher/Mono;" line="112"><counter type="INSTRUCTION" missed="6" covered="13"/><counter type="BRANCH" missed="1" covered="1"/><counter type="LINE" missed="1" covered="2"/><counter type="COMPLEXITY" missed="1" covered="1"/><counter type="METHOD" missed="0" covered="1"/></method><method name="lambda$redirectIfNotBelong$6" desc="(Lio/memoria/reactive/eventsourcing/Command;)Lio/vavr/control/Option;" line="115"><counter type="INSTRUCTION" missed="2" covered="0"/><counter type="LINE" missed="1" covered="0"/><counter type="COMPLEXITY" missed="1" covered="0"/><counter type="METHOD" missed="1" covered="0"/></method><method name="lambda$pubCommand$5" desc="(Lio/memoria/reactive/eventsourcing/Command;Ljava/lang/Integer;)Lreactor/core/publisher/Mono;" line="103"><counter type="INSTRUCTION" missed="0" covered="10"/><counter type="LINE" missed="0" covered="1"/><counter type="COMPLEXITY" missed="0" covered="1"/><counter type="METHOD" missed="0" covered="1"/></method><method name="lambda$pubCommand$4" desc="(Lio/memoria/reactive/eventsourcing/Command;)Ljava/lang/Integer;" line="102"><counter type="INSTRUCTION" missed="0" covered="7"/><counter type="LINE" missed="0" covered="1"/><counter type="COMPLEXITY" missed="0" covered="1"/><counter type="METHOD" missed="0" covered="1"/></method><method name="lambda$init$3" desc="(Lio/memoria/atom/core/id/Id;)Lorg/reactivestreams/Publisher;" line="89"><counter type="INSTRUCTION" missed="11" covered="0"/><counter type="LINE" missed="1" covered="0"/><counter type="COMPLEXITY" missed="1" covered="0"/><counter type="METHOD" missed="1" covered="0"/></method><method name="lambda$handle$2" desc="(Lio/memoria/reactive/eventsourcing/Event;)Z" line="75"><counter type="INSTRUCTION" missed="0" covered="6"/><counter type="LINE" missed="0" covered="1"/><counter type="COMPLEXITY" missed="0" covered="1"/><counter type="METHOD" missed="0" covered="1"/></method><method name="lambda$handle$1" desc="(Lio/vavr/control/Try;)Lorg/reactivestreams/Publisher;" line="74"><counter type="INSTRUCTION" missed="0" covered="4"/><counter type="LINE" missed="0" covered="1"/><counter type="COMPLEXITY" missed="0" covered="1"/><counter type="METHOD" missed="0" covered="1"/></method><method name="lambda$handle$0" desc="(Lio/vavr/control/Try;)Lio/vavr/control/Try;" line="74"><counter type="INSTRUCTION" missed="0" covered="2"/><counter type="LINE" missed="0" covered="1"/><counter type="COMPLEXITY" missed="0" covered="1"/><counter type="METHOD" missed="0" covered="1"/></method><counter type="INSTRUCTION" missed="29" covered="339"/><counter type="BRANCH" missed="2" covered="10"/><counter type="LINE" missed="2" covered="59"/><counter type="COMPLEXITY" missed="5" covered="26"/><counter type="METHOD" missed="3" covered="22"/><counter type="CLASS" missed="0" covered="1"/></class><class name="io/memoria/reactive/eventsourcing/pipeline/PipelineRoute" sourcefilename="PipelineRoute.java"><method name="&lt;init&gt;" desc="(Ljava/lang/String;IILjava/lang/String;I)V" line="8"><counter type="INSTRUCTION" missed="15" covered="35"/><counter type="BRANCH" missed="7" covered="7"/><counter type="LINE" missed="3" covered="5"/><counter type="COMPLEXITY" missed="7" covered="1"/><counter type="METHOD" missed="0" covered="1"/></method><method name="toShortString" desc="()Ljava/lang/String;" line="21"><counter type="INSTRUCTION" missed="33" covered="0"/><counter type="LINE" missed="4" covered="0"/><counter type="COMPLEXITY" missed="1" covered="0"/><counter type="METHOD" missed="1" covered="0"/></method><counter type="INSTRUCTION" missed="48" covered="35"/><counter type="BRANCH" missed="7" covered="7"/><counter type="LINE" missed="7" covered="5"/><counter type="COMPLEXITY" missed="8" covered="1"/><counter type="METHOD" missed="1" covered="1"/><counter type="CLASS" missed="0" covered="1"/></class><sourcefile name="CommandPipeline.java"><line nr="38" mi="0" ci="9" mb="0" cb="0"/><line nr="39" mi="0" ci="1" mb="0" cb="0"/><line nr="46" mi="0" ci="2" mb="0" cb="0"/><line nr="48" mi="0" ci="3" mb="0" cb="0"/><line nr="49" mi="0" ci="3" mb="0" cb="0"/><line nr="52" mi="0" ci="7" mb="0" cb="0"/><line nr="53" mi="0" ci="7" mb="0" cb="0"/><line nr="54" mi="0" ci="3" mb="0" cb="0"/><line nr="55" mi="0" ci="8" mb="0" cb="0"/><line nr="58" mi="0" ci="5" mb="0" cb="0"/><line nr="59" mi="0" ci="5" mb="0" cb="0"/><line nr="60" mi="0" ci="5" mb="0" cb="0"/><line nr="61" mi="0" ci="1" mb="0" cb="0"/><line nr="64" mi="0" ci="12" mb="0" cb="0"/><line nr="68" mi="0" ci="5" mb="0" cb="0"/><line nr="69" mi="0" ci="2" mb="0" cb="0"/><line nr="70" mi="0" ci="3" mb="0" cb="0"/><line nr="71" mi="0" ci="2" mb="0" cb="0"/><line nr="72" mi="0" ci="2" mb="0" cb="0"/><line nr="73" mi="0" ci="2" mb="0" cb="0"/><line nr="74" mi="0" ci="9" mb="0" cb="0"/><line nr="75" mi="0" ci="9" mb="0" cb="0"/><line nr="76" mi="0" ci="3" mb="0" cb="0"/><line nr="77" mi="0" ci="3" mb="0" cb="0"/><line nr="78" mi="0" ci="3" mb="0" cb="0"/><line nr="79" mi="0" ci="2" mb="0" cb="0"/><line nr="80" mi="0" ci="5" mb="0" cb="0"/><line nr="87" mi="0" ci="7" mb="0" cb="0"/><line nr="88" mi="0" ci="3" mb="0" cb="0"/><line nr="89" mi="11" ci="3" mb="0" cb="0"/><line nr="90" mi="0" ci="1" mb="0" cb="0"/><line nr="94" mi="0" ci="10" mb="0" cb="0"/><line nr="98" mi="10" ci="0" mb="0" cb="0"/><line nr="102" mi="0" ci="15" mb="0" cb="0"/><line nr="103" mi="0" ci="11" mb="0" cb="0"/><line nr="107" mi="0" ci="11" mb="0" cb="0"/><line nr="111" mi="0" ci="5" mb="0" cb="0"/><line nr="112" mi="0" ci="9" mb="1" cb="1"/><line nr="113" mi="0" ci="4" mb="0" cb="0"/><line nr="115" mi="8" ci="0" mb="0" cb="0"/><line nr="117" mi="0" ci="2" mb="0" cb="0"/><line nr="121" mi="0" ci="14" mb="0" cb="0"/><line nr="125" mi="0" ci="6" mb="0" cb="2"/><line nr="126" mi="0" ci="2" mb="0" cb="0"/><line nr="128" mi="0" ci="6" mb="0" cb="2"/><line nr="129" mi="0" ci="14" mb="0" cb="0"/><line nr="131" mi="0" ci="7" mb="0" cb="0"/><line nr="136" mi="0" ci="5" mb="0" cb="0"/><line nr="137" mi="0" ci="7" mb="0" cb="0"/><line nr="138" mi="0" ci="11" mb="1" cb="3"/><line nr="139" mi="0" ci="4" mb="0" cb="0"/><line nr="140" mi="0" ci="9" mb="0" cb="0"/><line nr="142" mi="0" ci="3" mb="0" cb="0"/><line nr="144" mi="0" ci="2" mb="0" cb="0"/><line nr="149" mi="0" ci="6" mb="0" cb="2"/><line nr="150" mi="0" ci="14" mb="0" cb="0"/><line nr="152" mi="0" ci="6" mb="0" cb="0"/><line nr="154" mi="0" ci="7" mb="0" cb="0"/><line nr="155" mi="0" ci="6" mb="0" cb="0"/><line nr="156" mi="0" ci="6" mb="0" cb="0"/><line nr="157" mi="0" ci="2" mb="0" cb="0"/><counter type="INSTRUCTION" missed="29" covered="339"/><counter type="BRANCH" missed="2" covered="10"/><counter type="LINE" missed="2" covered="59"/><counter type="COMPLEXITY" missed="5" covered="26"/><counter type="METHOD" missed="3" covered="22"/><counter type="CLASS" missed="0" covered="1"/></sourcefile><sourcefile name="PipelineRoute.java"><line nr="8" mi="0" ci="17" mb="0" cb="0"/><line nr="9" mi="0" ci="10" mb="4" cb="4"/><line nr="10" mi="5" ci="0" mb="0" cb="0"/><line nr="12" mi="0" ci="4" mb="2" cb="2"/><line nr="13" mi="5" ci="0" mb="0" cb="0"/><line nr="15" mi="0" ci="3" mb="1" cb="1"/><line nr="16" mi="5" ci="0" mb="0" cb="0"/><line nr="18" mi="0" ci="1" mb="0" cb="0"/><line nr="21" mi="14" ci="0" mb="0" cb="0"/><line nr="22" mi="6" ci="0" mb="0" cb="0"/><line nr="23" mi="11" ci="0" mb="0" cb="0"/><line nr="25" mi="2" ci="0" mb="0" cb="0"/><counter type="INSTRUCTION" missed="48" covered="35"/><counter type="BRANCH" missed="7" covered="7"/><counter type="LINE" missed="7" covered="5"/><counter type="COMPLEXITY" missed="8" covered="1"/><counter type="METHOD" missed="1" covered="1"/><counter type="CLASS" missed="0" covered="1"/></sourcefile><counter type="INSTRUCTION" missed="77" covered="374"/><counter type="BRANCH" missed="9" covered="17"/><counter type="LINE" missed="9" covered="64"/><counter type="COMPLEXITY" missed="13" covered="27"/><counter type="METHOD" missed="4" covered="23"/><counter type="CLASS" missed="0" covered="2"/></package><package name="io/memoria/reactive/eventsourcing/rule"><class name="io/memoria/reactive/eventsourcing/rule/Saga" sourcefilename="Saga.java"/><class name="io/memoria/reactive/eventsourcing/rule/Evolver" sourcefilename="Evolver.java"><method name="reduce" desc="(Lreactor/core/publisher/Flux;)Lreactor/core/publisher/Mono;" line="23"><counter type="INSTRUCTION" missed="14" covered="0"/><counter type="LINE" missed="3" covered="0"/><counter type="COMPLEXITY" missed="1" covered="0"/><counter type="METHOD" missed="1" covered="0"/></method><method name="reduce" desc="(Lio/memoria/atom/core/id/Id;Lreactor/core/publisher/Flux;)Lreactor/core/publisher/Mono;" line="36"><counter type="INSTRUCTION" missed="0" covered="13"/><counter type="LINE" missed="0" covered="4"/><counter type="COMPLEXITY" missed="0" covered="1"/><counter type="METHOD" missed="0" covered="1"/></method><method name="reduce" desc="(Lio/memoria/atom/core/id/Id;Lreactor/core/publisher/Flux;I)Lreactor/core/publisher/Mono;" line="47"><counter type="INSTRUCTION" missed="0" covered="16"/><counter type="LINE" missed="0" covered="5"/><counter type="COMPLEXITY" missed="0" covered="1"/><counter type="METHOD" missed="0" covered="1"/></method><method name="allStates" desc="(Lio/memoria/atom/core/id/Id;Lreactor/core/publisher/Flux;)Lreactor/core/publisher/Flux;" line="55"><counter type="INSTRUCTION" missed="0" covered="13"/><counter type="LINE" missed="0" covered="2"/><counter type="COMPLEXITY" missed="0" covered="1"/><counter type="METHOD" missed="0" covered="1"/></method><method name="applyOpt" desc="(Lio/vavr/control/Option;Lio/memoria/reactive/eventsourcing/Event;)Lio/vavr/control/Option;" line="71"><counter type="INSTRUCTION" missed="0" covered="10"/><counter type="LINE" missed="0" covered="1"/><counter type="COMPLEXITY" missed="0" covered="1"/><counter type="METHOD" missed="0" covered="1"/></method><method name="lambda$applyOpt$8" desc="(Lio/memoria/reactive/eventsourcing/Event;)Lio/vavr/control/Option;" line="71"><counter type="INSTRUCTION" missed="0" covered="5"/><counter type="LINE" missed="0" covered="1"/><counter type="COMPLEXITY" missed="0" covered="1"/><counter type="METHOD" missed="0" covered="1"/></method><method name="lambda$applyOpt$7" desc="(Lio/memoria/reactive/eventsourcing/Event;Lio/memoria/reactive/eventsourcing/State;)Lio/memoria/reactive/eventsourcing/State;" line="71"><counter type="INSTRUCTION" missed="0" covered="6"/><counter type="LINE" missed="0" covered="1"/><counter type="COMPLEXITY" missed="0" covered="1"/><counter type="METHOD" missed="0" covered="1"/></method><method name="lambda$allStates$6" desc="(Ljava/util/concurrent/atomic/AtomicReference;Lio/memoria/reactive/eventsourcing/Event;)Lio/memoria/reactive/eventsourcing/State;" line="57"><counter type="INSTRUCTION" missed="0" covered="31"/><counter type="BRANCH" missed="0" covered="2"/><counter type="LINE" missed="0" covered="8"/><counter type="COMPLEXITY" missed="0" covered="2"/><counter type="METHOD" missed="0" covered="1"/></method><method name="lambda$allStates$5" desc="(Lio/memoria/atom/core/id/Id;Lio/memoria/reactive/eventsourcing/Event;)Z" line="56"><counter type="INSTRUCTION" missed="0" covered="5"/><counter type="LINE" missed="0" covered="1"/><counter type="COMPLEXITY" missed="0" covered="1"/><counter type="METHOD" missed="0" covered="1"/></method><method name="lambda$reduce$4" desc="(Lio/memoria/atom/core/id/Id;Lio/memoria/reactive/eventsourcing/Event;)Z" line="47"><counter type="INSTRUCTION" missed="0" covered="5"/><counter type="LINE" missed="0" covered="1"/><counter type="COMPLEXITY" missed="0" covered="1"/><counter type="METHOD" missed="0" covered="1"/></method><method name="lambda$reduce$3" desc="(Lio/memoria/atom/core/id/Id;Lio/memoria/reactive/eventsourcing/Event;)Z" line="36"><counter type="INSTRUCTION" missed="0" covered="5"/><counter type="LINE" missed="0" covered="1"/><counter type="COMPLEXITY" missed="0" covered="1"/><counter type="METHOD" missed="0" covered="1"/></method><method name="lambda$reduce$2" desc="(Ljava/util/Map;Lio/memoria/reactive/eventsourcing/Event;)Ljava/util/Map;" line="25"><counter type="INSTRUCTION" missed="18" covered="0"/><counter type="LINE" missed="3" covered="0"/><counter type="COMPLEXITY" missed="1" covered="0"/><counter type="METHOD" missed="1" covered="0"/></method><method name="lambda$reduce$1" desc="(Lio/memoria/reactive/eventsourcing/Event;Lio/memoria/atom/core/id/Id;)Lio/memoria/reactive/eventsourcing/State;" line="26"><counter type="INSTRUCTION" missed="4" covered="0"/><counter type="LINE" missed="1" covered="0"/><counter type="COMPLEXITY" missed="1" covered="0"/><counter type="METHOD" missed="1" covered="0"/></method><method name="lambda$reduce$0" desc="(Lio/memoria/reactive/eventsourcing/Event;Lio/memoria/atom/core/id/Id;Lio/memoria/reactive/eventsourcing/State;)Lio/memoria/reactive/eventsourcing/State;" line="25"><counter type="INSTRUCTION" missed="6" covered="0"/><counter type="LINE" missed="1" covered="0"/><counter type="COMPLEXITY" missed="1" covered="0"/><counter type="METHOD" missed="1" covered="0"/></method><counter type="INSTRUCTION" missed="42" covered="109"/><counter type="BRANCH" missed="0" covered="2"/><counter type="LINE" missed="6" covered="20"/><counter type="COMPLEXITY" missed="4" covered="11"/><counter type="METHOD" missed="4" covered="10"/><counter type="CLASS" missed="0" covered="1"/></class><class name="io/memoria/reactive/eventsourcing/rule/Decider" sourcefilename="Decider.java"/><sourcefile name="Saga.java"/><sourcefile name="Evolver.java"><line nr="23" mi="4" ci="0" mb="0" cb="0"/><line nr="24" mi="6" ci="0" mb="0" cb="0"/><line nr="25" mi="14" ci="0" mb="0" cb="0"/><line nr="26" mi="12" ci="0" mb="0" cb="0"/><line nr="27" mi="2" ci="0" mb="0" cb="0"/><line nr="29" mi="4" ci="0" mb="0" cb="0"/><line nr="36" mi="0" ci="10" mb="0" cb="0"/><line nr="37" mi="0" ci="5" mb="0" cb="0"/><line nr="38" mi="0" ci="2" mb="0" cb="0"/><line nr="39" mi="0" ci="1" mb="0" cb="0"/><line nr="47" mi="0" ci="12" mb="0" cb="0"/><line nr="48" mi="0" ci="1" mb="0" cb="0"/><line nr="49" mi="0" ci="5" mb="0" cb="0"/><line nr="50" mi="0" ci="2" mb="0" cb="0"/><line nr="51" mi="0" ci="1" mb="0" cb="0"/><line nr="55" mi="0" ci="4" mb="0" cb="0"/><line nr="56" mi="0" ci="14" mb="0" cb="0"/><line nr="57" mi="0" ci="3" mb="0" cb="2"/><line nr="58" mi="0" ci="4" mb="0" cb="0"/><line nr="59" mi="0" ci="5" mb="0" cb="0"/><line nr="60" mi="0" ci="2" mb="0" cb="0"/><line nr="62" mi="0" ci="4" mb="0" cb="0"/><line nr="63" mi="0" ci="6" mb="0" cb="0"/><line nr="64" mi="0" ci="5" mb="0" cb="0"/><line nr="65" mi="0" ci="2" mb="0" cb="0"/><line nr="71" mi="0" ci="21" mb="0" cb="0"/><counter type="INSTRUCTION" missed="42" covered="109"/><counter type="BRANCH" missed="0" covered="2"/><counter type="LINE" missed="6" covered="20"/><counter type="COMPLEXITY" missed="4" covered="11"/><counter type="METHOD" missed="4" covered="10"/><counter type="CLASS" missed="0" covered="1"/></sourcefile><sourcefile name="Decider.java"/><counter type="INSTRUCTION" missed="42" covered="109"/><counter type="BRANCH" missed="0" covered="2"/><counter type="LINE" missed="6" covered="20"/><counter type="COMPLEXITY" missed="4" covered="11"/><counter type="METHOD" missed="4" covered="10"/><counter type="CLASS" missed="0" covered="1"/></package><package name="io/memoria/reactive/eventsourcing/exception"><class name="io/memoria/reactive/eventsourcing/exception/ESException$MismatchingStateId" sourcefilename="ESException.java"><method name="&lt;init&gt;" desc="(Ljava/lang/String;)V" line="45"><counter type="INSTRUCTION" missed="4" covered="0"/><counter type="LINE" missed="2" covered="0"/><counter type="COMPLEXITY" missed="1" covered="0"/><counter type="METHOD" missed="1" covered="0"/></method><method name="of" desc="(Lio/memoria/atom/core/id/Id;Lio/memoria/atom/core/id/Id;)Lio/memoria/reactive/eventsourcing/exception/ESException$MismatchingStateId;" line="49"><counter type="INSTRUCTION" missed="20" covered="0"/><counter type="LINE" missed="2" covered="0"/><counter type="COMPLEXITY" missed="1" covered="0"/><counter type="METHOD" missed="1" covered="0"/></method><counter type="INSTRUCTION" missed="24" covered="0"/><counter type="LINE" missed="4" covered="0"/><counter type="COMPLEXITY" missed="2" covered="0"/><counter type="METHOD" missed="2" covered="0"/><counter type="CLASS" missed="1" covered="0"/></class><class name="io/memoria/reactive/eventsourcing/exception/ESException$InvalidEvent" sourcefilename="ESException.java"><method name="&lt;init&gt;" desc="(Ljava/lang/String;)V" line="29"><counter type="INSTRUCTION" missed="4" covered="0"/><counter type="LINE" missed="2" covered="0"/><counter type="COMPLEXITY" missed="1" covered="0"/><counter type="METHOD" missed="1" covered="0"/></method><method name="of" desc="(Lio/memoria/reactive/eventsourcing/Event;)Lio/memoria/reactive/eventsourcing/exception/ESException$InvalidEvent;" line="33"><counter type="INSTRUCTION" missed="16" covered="0"/><counter type="LINE" missed="2" covered="0"/><counter type="COMPLEXITY" missed="1" covered="0"/><counter type="METHOD" missed="1" covered="0"/></method><method name="of" desc="(Lio/memoria/reactive/eventsourcing/State;Lio/memoria/reactive/eventsourcing/Event;)Lio/memoria/reactive/eventsourcing/exception/ESException$InvalidEvent;" line="38"><counter type="INSTRUCTION" missed="22" covered="0"/><counter type="LINE" missed="2" covered="0"/><counter type="COMPLEXITY" missed="1" covered="0"/><counter type="METHOD" missed="1" covered="0"/></method><counter type="INSTRUCTION" missed="42" covered="0"/><counter type="LINE" missed="6" covered="0"/><counter type="COMPLEXITY" missed="3" covered="0"/><counter type="METHOD" missed="3" covered="0"/><counter type="CLASS" missed="1" covered="0"/></class><class name="io/memoria/reactive/eventsourcing/exception/ESException" sourcefilename="ESException.java"/><class name="io/memoria/reactive/eventsourcing/exception/ESException$InvalidCommand" sourcefilename="ESException.java"><method name="&lt;init&gt;" desc="(Ljava/lang/String;)V" line="11"><counter type="INSTRUCTION" missed="4" covered="0"/><counter type="LINE" missed="2" covered="0"/><counter type="COMPLEXITY" missed="1" covered="0"/><counter type="METHOD" missed="1" covered="0"/></method><method name="of" desc="(Lio/memoria/reactive/eventsourcing/Command;)Lio/memoria/reactive/eventsourcing/exception/ESException$InvalidCommand;" line="15"><counter type="INSTRUCTION" missed="16" covered="0"/><counter type="LINE" missed="2" covered="0"/><counter type="COMPLEXITY" missed="1" covered="0"/><counter type="METHOD" missed="1" covered="0"/></method><method name="of" desc="(Lio/memoria/reactive/eventsourcing/State;Lio/memoria/reactive/eventsourcing/Command;)Lio/memoria/reactive/eventsourcing/exception/ESException$InvalidCommand;" line="20"><counter type="INSTRUCTION" missed="22" covered="0"/><counter type="LINE" missed="3" covered="0"/><counter type="COMPLEXITY" missed="1" covered="0"/><counter type="METHOD" missed="1" covered="0"/></method><counter type="INSTRUCTION" missed="42" covered="0"/><counter type="LINE" missed="7" covered="0"/><counter type="COMPLEXITY" missed="3" covered="0"/><counter type="METHOD" missed="3" covered="0"/><counter type="CLASS" missed="1" covered="0"/></class><sourcefile name="ESException.java"><line nr="11" mi="3" ci="0" mb="0" cb="0"/><line nr="12" mi="1" ci="0" mb="0" cb="0"/><line nr="15" mi="11" ci="0" mb="0" cb="0"/><line nr="16" mi="5" ci="0" mb="0" cb="0"/><line nr="20" mi="14" ci="0" mb="0" cb="0"/><line nr="21" mi="3" ci="0" mb="0" cb="0"/><line nr="22" mi="5" ci="0" mb="0" cb="0"/><line nr="29" mi="3" ci="0" mb="0" cb="0"/><line nr="30" mi="1" ci="0" mb="0" cb="0"/><line nr="33" mi="2" ci="0" mb="0" cb="0"/><line nr="34" mi="14" ci="0" mb="0" cb="0"/><line nr="38" mi="2" ci="0" mb="0" cb="0"/><line nr="39" mi="20" ci="0" mb="0" cb="0"/><line nr="45" mi="3" ci="0" mb="0" cb="0"/><line nr="46" mi="1" ci="0" mb="0" cb="0"/><line nr="49" mi="2" ci="0" mb="0" cb="0"/><line nr="50" mi="18" ci="0" mb="0" cb="0"/><counter type="INSTRUCTION" missed="108" covered="0"/><counter type="LINE" missed="17" covered="0"/><counter type="COMPLEXITY" missed="8" covered="0"/><counter type="METHOD" missed="8" covered="0"/><counter type="CLASS" missed="3" covered="0"/></sourcefile><counter type="INSTRUCTION" missed="108" covered="0"/><counter type="LINE" missed="17" covered="0"/><counter type="COMPLEXITY" missed="8" covered="0"/><counter type="METHOD" missed="8" covered="0"/><counter type="CLASS" missed="3" covered="0"/></package><package name="io/memoria/reactive/eventsourcing"><class name="io/memoria/reactive/eventsourcing/Domain" sourcefilename="Domain.java"><method name="&lt;init&gt;" desc="(Ljava/lang/Class;Ljava/lang/Class;Ljava/lang/Class;Lio/memoria/reactive/eventsourcing/rule/Decider;Lio/memoria/reactive/eventsourcing/rule/Evolver;)V" line="15"><counter type="INSTRUCTION" missed="9" covered="0"/><counter type="LINE" missed="2" covered="0"/><counter type="COMPLEXITY" missed="1" covered="0"/><counter type="METHOD" missed="1" covered="0"/></method><method name="&lt;init&gt;" desc="(Ljava/lang/Class;Ljava/lang/Class;Ljava/lang/Class;Lio/memoria/reactive/eventsourcing/rule/Decider;Lio/memoria/reactive/eventsourcing/rule/Evolver;Lio/memoria/reactive/eventsourcing/rule/Saga;)V" line="8"><counter type="INSTRUCTION" missed="0" covered="21"/><counter type="LINE" missed="0" covered="1"/><counter type="COMPLEXITY" missed="0" covered="1"/><counter type="METHOD" missed="0" covered="1"/></method><method name="toShortString" desc="()Ljava/lang/String;" line="19"><counter type="INSTRUCTION" missed="23" covered="0"/><counter type="LINE" missed="1" covered="0"/><counter type="COMPLEXITY" missed="1" covered="0"/><counter type="METHOD" missed="1" covered="0"/></method><method name="lambda$new$f9744b21$1" desc="(Lio/memoria/reactive/eventsourcing/Event;)Lio/vavr/control/Option;" line="15"><counter type="INSTRUCTION" missed="2" covered="0"/><counter type="LINE" missed="1" covered="0"/><counter type="COMPLEXITY" missed="1" covered="0"/><counter type="METHOD" missed="1" covered="0"/></method><counter type="INSTRUCTION" missed="34" covered="21"/><counter type="LINE" missed="3" covered="1"/><counter type="COMPLEXITY" missed="3" covered="1"/><counter type="METHOD" missed="3" covered="1"/><counter type="CLASS" missed="0" covered="1"/></class><class name="io/memoria/reactive/eventsourcing/Event" sourcefilename="Event.java"/><class name="io/memoria/reactive/eventsourcing/Shardable" sourcefilename="Shardable.java"><method name="isInPartition" desc="(II)Z" line="7"><counter type="INSTRUCTION" missed="1" covered="8"/><counter type="BRANCH" missed="1" covered="1"/><counter type="LINE" missed="0" covered="1"/><counter type="COMPLEXITY" missed="1" covered="1"/><counter type="METHOD" missed="0" covered="1"/></method><method name="partition" desc="(I)I" line="11"><counter type="INSTRUCTION" missed="0" covered="5"/><counter type="LINE" missed="0" covered="1"/><counter type="COMPLEXITY" missed="0" covered="1"/><counter type="METHOD" missed="0" covered="1"/></method><method name="partition" desc="(Lio/memoria/atom/core/id/Id;I)I" line="20"><counter type="INSTRUCTION" missed="2" covered="12"/><counter type="BRANCH" missed="1" covered="1"/><counter type="LINE" missed="0" covered="2"/><counter type="COMPLEXITY" missed="1" covered="1"/><counter type="METHOD" missed="0" covered="1"/></method><counter type="INSTRUCTION" missed="3" covered="25"/><counter type="BRANCH" missed="2" covered="2"/><counter type="LINE" missed="0" covered="4"/><counter type="COMPLEXITY" missed="2" covered="3"/><counter type="METHOD" missed="0" covered="3"/><counter type="CLASS" missed="0" covered="1"/></class><class name="io/memoria/reactive/eventsourcing/State" sourcefilename="State.java"/><class name="io/memoria/reactive/eventsourcing/Command" sourcefilename="Command.java"/><sourcefile name="Command.java"/><sourcefile name="Domain.java"><line nr="8" mi="0" ci="21" mb="0" cb="0"/><line nr="15" mi="10" ci="0" mb="0" cb="0"/><line nr="16" mi="1" ci="0" mb="0" cb="0"/><line nr="19" mi="23" ci="0" mb="0" cb="0"/><counter type="INSTRUCTION" missed="34" covered="21"/><counter type="LINE" missed="3" covered="1"/><counter type="COMPLEXITY" missed="3" covered="1"/><counter type="METHOD" missed="3" covered="1"/><counter type="CLASS" missed="0" covered="1"/></sourcefile><sourcefile name="Event.java"/><sourcefile name="State.java"/><sourcefile name="Shardable.java"><line nr="7" mi="1" ci="8" mb="1" cb="1"/><line nr="11" mi="0" ci="5" mb="0" cb="0"/><line nr="20" mi="2" ci="7" mb="1" cb="1"/><line nr="21" mi="0" ci="5" mb="0" cb="0"/><counter type="INSTRUCTION" missed="3" covered="25"/><counter type="BRANCH" missed="2" covered="2"/><counter type="LINE" missed="0" covered="4"/><counter type="COMPLEXITY" missed="2" covered="3"/><counter type="METHOD" missed="0" covered="3"/><counter type="CLASS" missed="0" covered="1"/></sourcefile><counter type="INSTRUCTION" missed="37" covered="46"/><counter type="BRANCH" missed="2" covered="2"/><counter type="LINE" missed="3" covered="5"/><counter type="COMPLEXITY" missed="5" covered="4"/><counter type="METHOD" missed="3" covered="4"/><counter type="CLASS" missed="0" covered="2"/></package><counter type="INSTRUCTION" missed="277" covered="693"/><counter type="BRANCH" missed="11" covered="21"/><counter type="LINE" missed="36" covered="113"/><counter type="COMPLEXITY" missed="32" covered="62"/><counter type="METHOD" missed="21" covered="57"/><counter type="CLASS" missed="3" covered="9"/></report>