<?xml version="1.0" encoding="UTF-8"?>
<testsuite xmlns:xsi="http://www.w3.org/2001/XMLSchema-instance" xsi:noNamespaceSchemaLocation="https://maven.apache.org/surefire/maven-surefire-plugin/xsd/surefire-test-report-3.0.xsd" version="3.0" name="io.memoria.reactive.web.NettyClientUtilsTest" time="0.038" tests="5" errors="0" skipped="0" failures="0">
  <properties>
[...]
</properties>
  <testcase name="putTest" classname="io.memoria.reactive.web.NettyClientUtilsTest" time="0.014"/>
  <testcase name="getTest" classname="io.memoria.reactive.web.NettyClientUtilsTest" time="0.005"/>
  <testcase name="notFoundTest" classname="io.memoria.reactive.web.NettyClientUtilsTest" time="0.004"/>
  <testcase name="postTest" classname="io.memoria.reactive.web.NettyClientUtilsTest" time="0.005"/>
  <testcase name="deleteTest" classname="io.memoria.reactive.web.NettyClientUtilsTest" time="0.004"/>
</testsuite>