<?xml version="1.0" encoding="UTF-8"?>
<testsuite xmlns:xsi="http://www.w3.org/2001/XMLSchema-instance" xsi:noNamespaceSchemaLocation="https://maven.apache.org/surefire/maven-surefire-plugin/xsd/surefire-test-report-3.0.xsd" version="3.0" name="io.memoria.reactive.etcd.EtcdKVStoreTest" time="4.958" tests="2" errors="0" skipped="0" failures="0">
  <properties>
[...]
</properties>
  <testcase name="getAndPut" classname="io.memoria.reactive.etcd.EtcdKVStoreTest" time="4.035"/>
  <testcase name="notFound" classname="io.memoria.reactive.etcd.EtcdKVStoreTest" time="0.001"/>
</testsuite>